c:\users\lin peixian\source\repos\tinystl\tinystl\release\vc142.pdb
c:\users\lin peixian\source\repos\tinystl\tinystl\release\tinystl.obj
c:\users\lin peixian\source\repos\tinystl\tinystl\release\vectortest.obj
c:\users\lin peixian\source\repos\tinystl\tinystl\release\unordered_settest.obj
c:\users\lin peixian\source\repos\tinystl\tinystl\release\stringtest.obj
c:\users\lin peixian\source\repos\tinystl\tinystl\release\stacktest.obj
c:\users\lin peixian\source\repos\tinystl\tinystl\release\queuetest.obj
c:\users\lin peixian\source\repos\tinystl\tinystl\release\listtest.obj
c:\users\lin peixian\source\repos\tinystl\tinystl\release\dequetest.obj
c:\users\lin peixian\source\repos\tinystl\tinystl\release\profiler.obj
c:\users\lin peixian\source\repos\tinystl\tinystl\release\unordered_set.obj
c:\users\lin peixian\source\repos\tinystl\tinystl\release\string.obj
c:\users\lin peixian\source\repos\tinystl\tinystl\release\list.obj
c:\users\lin peixian\source\repos\tinystl\tinystl\release\deque.obj
c:\users\lin peixian\source\repos\tinystl\tinystl\release\alloc.obj
c:\users\lin peixian\source\repos\tinystl\release\tinystl.exe
c:\users\lin peixian\source\repos\tinystl\release\tinystl.pdb
c:\users\lin peixian\source\repos\tinystl\release\tinystl.ipdb
c:\users\lin peixian\source\repos\tinystl\release\tinystl.iobj
c:\users\lin peixian\source\repos\tinystl\tinystl\release\tinystl.tlog\cl.command.1.tlog
c:\users\lin peixian\source\repos\tinystl\tinystl\release\tinystl.tlog\cl.read.1.tlog
c:\users\lin peixian\source\repos\tinystl\tinystl\release\tinystl.tlog\cl.write.1.tlog
c:\users\lin peixian\source\repos\tinystl\tinystl\release\tinystl.tlog\link.command.1.tlog
c:\users\lin peixian\source\repos\tinystl\tinystl\release\tinystl.tlog\link.read.1.tlog
c:\users\lin peixian\source\repos\tinystl\tinystl\release\tinystl.tlog\link.write.1.tlog
c:\users\lin peixian\source\repos\tinystl\tinystl\release\tinystl.tlog\tinystl.write.1u.tlog
